<?xml version="1.0" encoding="UTF-8"?>
<!-- Generated by org.testng.reporters.JUnitReportReporter -->
<testsuite hostname="DESKTOP-FUG0H6V" failures="0" tests="1" name="ExtentReport.ExtentReports" time="13.081" errors="0" timestamp="2022-08-03T22:21:20 IST" skipped="0">
  <testcase classname="ExtentReport.ExtentReports" name="extentreport" time="13.081"/>
  <system-out/>
</testsuite> <!-- ExtentReport.ExtentReports -->
